<?xml version="1.0" encoding="UTF-8"?>
<testng-results skipped="0" failed="1" total="1" passed="0">
  <reporter-output>
  </reporter-output>
  <suite name="Default suite" duration-ms="25954" started-at="2019-12-26T07:15:47Z" finished-at="2019-12-26T07:16:13Z">
    <groups>
    </groups>
    <test name="Default test" duration-ms="25954" started-at="2019-12-26T07:15:47Z" finished-at="2019-12-26T07:16:13Z">
      <class name="com.jmr.testsuite.fas.action.cs.CSDEVENT_Test">
        <test-method status="PASS" signature="springTestContextBeforeTestClass()[pri:0, instance:com.jmr.testsuite.fas.action.cs.CSDEVENT_Test@794cb805]" name="springTestContextBeforeTestClass" is-config="true" duration-ms="7" started-at="2019-12-26T12:45:47Z" finished-at="2019-12-26T12:45:47Z">
          <reporter-output>
          </reporter-output>
        </test-method> <!-- springTestContextBeforeTestClass -->
        <test-method status="PASS" signature="springTestContextPrepareTestInstance()[pri:0, instance:com.jmr.testsuite.fas.action.cs.CSDEVENT_Test@794cb805]" name="springTestContextPrepareTestInstance" is-config="true" duration-ms="15262" started-at="2019-12-26T12:45:47Z" depends-on-methods="org.springframework.test.context.testng.AbstractTestNGSpringContextTests.springTestContextBeforeTestClass" finished-at="2019-12-26T12:46:03Z">
          <reporter-output>
          </reporter-output>
        </test-method> <!-- springTestContextPrepareTestInstance -->
        <test-method status="PASS" signature="springTestContextBeforeTestMethod(java.lang.reflect.Method)[pri:0, instance:com.jmr.testsuite.fas.action.cs.CSDEVENT_Test@794cb805]" name="springTestContextBeforeTestMethod" is-config="true" duration-ms="1" started-at="2019-12-26T12:46:03Z" finished-at="2019-12-26T12:46:03Z">
          <params>
            <param index="0">
              <value>
                <![CDATA[public void com.jmr.testsuite.fas.action.cs.CSDEVENT_Test.executeTestCase() throws com.jmr.testsuite.fas.page.common.UIFormatException,java.lang.Exception]]>
              </value>
            </param>
          </params>
          <reporter-output>
          </reporter-output>
        </test-method> <!-- springTestContextBeforeTestMethod -->
        <test-method status="FAIL" signature="executeTestCase()[pri:0, instance:com.jmr.testsuite.fas.action.cs.CSDEVENT_Test@794cb805]" name="executeTestCase" duration-ms="10331" started-at="2019-12-26T12:46:03Z" finished-at="2019-12-26T12:46:13Z">
          <exception class="org.openqa.selenium.NoSuchElementException">
            <message>
              <![CDATA[no such element: Unable to locate element: {"method":"css selector","selector":"#BLK_EVENT__REFN"}
  (Session info: chrome=75.0.3770.80)
For documentation on this error, please visit: http://seleniumhq.org/exceptions/no_such_element.html
Build info: version: '3.11.0', revision: 'e59cfb3', time: '2018-03-11T20:26:55.152Z'
System info: host: 'JMRINHR2292', ip: '192.168.0.220', os.name: 'Windows 7', os.arch: 'amd64', os.version: '6.1', java.version: '1.8.0_131'
Driver info: org.openqa.selenium.chrome.ChromeDriver
Capabilities {acceptInsecureCerts: false, browserName: chrome, browserVersion: 75.0.3770.80, chrome: {chromedriverVersion: 75.0.3770.90 (a6dcaf7e3ec6f..., userDataDir: C:\Users\2292\AppData\Local...}, goog:chromeOptions: {debuggerAddress: localhost:57383}, javascriptEnabled: true, networkConnectionEnabled: false, pageLoadStrategy: normal, platform: XP, platformName: XP, proxy: Proxy(), setWindowRect: true, strictFileInteractability: false, timeouts: {implicit: 0, pageLoad: 300000, script: 30000}, unhandledPromptBehavior: dismiss and notify}
Session ID: 1cdbcf7a09980eec7ae1e1e9f6b4a874
*** Element info: {Using=id, value=BLK_EVENT__REFN}]]>
            </message>
            <full-stacktrace>
              <![CDATA[org.openqa.selenium.NoSuchElementException: no such element: Unable to locate element: {"method":"css selector","selector":"#BLK_EVENT__REFN"}
  (Session info: chrome=75.0.3770.80)
For documentation on this error, please visit: http://seleniumhq.org/exceptions/no_such_element.html
Build info: version: '3.11.0', revision: 'e59cfb3', time: '2018-03-11T20:26:55.152Z'
System info: host: 'JMRINHR2292', ip: '192.168.0.220', os.name: 'Windows 7', os.arch: 'amd64', os.version: '6.1', java.version: '1.8.0_131'
Driver info: org.openqa.selenium.chrome.ChromeDriver
Capabilities {acceptInsecureCerts: false, browserName: chrome, browserVersion: 75.0.3770.80, chrome: {chromedriverVersion: 75.0.3770.90 (a6dcaf7e3ec6f..., userDataDir: C:\Users\2292\AppData\Local...}, goog:chromeOptions: {debuggerAddress: localhost:57383}, javascriptEnabled: true, networkConnectionEnabled: false, pageLoadStrategy: normal, platform: XP, platformName: XP, proxy: Proxy(), setWindowRect: true, strictFileInteractability: false, timeouts: {implicit: 0, pageLoad: 300000, script: 30000}, unhandledPromptBehavior: dismiss and notify}
Session ID: 1cdbcf7a09980eec7ae1e1e9f6b4a874
*** Element info: {Using=id, value=BLK_EVENT__REFN}
	at sun.reflect.NativeConstructorAccessorImpl.newInstance0(Native Method)
	at sun.reflect.NativeConstructorAccessorImpl.newInstance(Unknown Source)
	at sun.reflect.DelegatingConstructorAccessorImpl.newInstance(Unknown Source)
	at java.lang.reflect.Constructor.newInstance(Unknown Source)
	at org.openqa.selenium.remote.http.W3CHttpResponseCodec.createException(W3CHttpResponseCodec.java:187)
	at org.openqa.selenium.remote.http.W3CHttpResponseCodec.decode(W3CHttpResponseCodec.java:122)
	at org.openqa.selenium.remote.http.W3CHttpResponseCodec.decode(W3CHttpResponseCodec.java:49)
	at org.openqa.selenium.remote.HttpCommandExecutor.execute(HttpCommandExecutor.java:158)
	at org.openqa.selenium.remote.service.DriverCommandExecutor.execute(DriverCommandExecutor.java:83)
	at org.openqa.selenium.remote.RemoteWebDriver.execute(RemoteWebDriver.java:545)
	at org.openqa.selenium.remote.RemoteWebDriver.findElement(RemoteWebDriver.java:319)
	at org.openqa.selenium.remote.RemoteWebDriver.findElementById(RemoteWebDriver.java:365)
	at org.openqa.selenium.By$ById.findElement(By.java:218)
	at org.openqa.selenium.remote.RemoteWebDriver.findElement(RemoteWebDriver.java:311)
	at com.jmr.testsuite.fas.FlexcubeCommon.populateTextById(FlexcubeCommon.java:842)
	at com.jmr.testsuite.fas.action.cs.CSDEVENT_Test.executeTestCase(CSDEVENT_Test.java:66)
	at sun.reflect.NativeMethodAccessorImpl.invoke0(Native Method)
	at sun.reflect.NativeMethodAccessorImpl.invoke(Unknown Source)
	at sun.reflect.DelegatingMethodAccessorImpl.invoke(Unknown Source)
	at java.lang.reflect.Method.invoke(Unknown Source)
	at org.testng.internal.MethodInvocationHelper.invokeMethod(MethodInvocationHelper.java:86)
	at org.testng.internal.MethodInvocationHelper$1.runTestMethod(MethodInvocationHelper.java:197)
	at org.springframework.test.context.testng.AbstractTestNGSpringContextTests.run(AbstractTestNGSpringContextTests.java:175)
	at org.testng.internal.MethodInvocationHelper.invokeHookable(MethodInvocationHelper.java:209)
	at org.testng.internal.Invoker.invokeMethod(Invoker.java:639)
	at org.testng.internal.Invoker.invokeTestMethod(Invoker.java:820)
	at org.testng.internal.Invoker.invokeTestMethods(Invoker.java:1128)
	at org.testng.internal.TestMethodWorker.invokeTestMethods(TestMethodWorker.java:129)
	at org.testng.internal.TestMethodWorker.run(TestMethodWorker.java:112)
	at org.testng.TestRunner.privateRun(TestRunner.java:782)
	at org.testng.TestRunner.run(TestRunner.java:632)
	at org.testng.SuiteRunner.runTest(SuiteRunner.java:366)
	at org.testng.SuiteRunner.runSequentially(SuiteRunner.java:361)
	at org.testng.SuiteRunner.privateRun(SuiteRunner.java:319)
	at org.testng.SuiteRunner.run(SuiteRunner.java:268)
	at org.testng.SuiteRunnerWorker.runSuite(SuiteRunnerWorker.java:52)
	at org.testng.SuiteRunnerWorker.run(SuiteRunnerWorker.java:86)
	at org.testng.TestNG.runSuitesSequentially(TestNG.java:1244)
	at org.testng.TestNG.runSuitesLocally(TestNG.java:1169)
	at org.testng.TestNG.run(TestNG.java:1064)
	at org.testng.remote.AbstractRemoteTestNG.run(AbstractRemoteTestNG.java:114)
	at org.testng.remote.RemoteTestNG.initAndRun(RemoteTestNG.java:251)
	at org.testng.remote.RemoteTestNG.main(RemoteTestNG.java:77)
]]>
            </full-stacktrace>
          </exception> <!-- org.openqa.selenium.NoSuchElementException -->
          <reporter-output>
          </reporter-output>
        </test-method> <!-- executeTestCase -->
        <test-method status="PASS" signature="tearDown(org.testng.ITestResult)[pri:0, instance:com.jmr.testsuite.fas.action.cs.CSDEVENT_Test@794cb805]" name="tearDown" is-config="true" duration-ms="336" started-at="2019-12-26T12:46:13Z" finished-at="2019-12-26T12:46:13Z">
          <params>
            <param index="0">
              <value>
                <![CDATA[[TestResult name=executeTestCase status=FAILURE method=CSDEVENT_Test.executeTestCase()[pri:0, instance:com.jmr.testsuite.fas.action.cs.CSDEVENT_Test@794cb805] output={null}]]]>
              </value>
            </param>
          </params>
          <reporter-output>
          </reporter-output>
        </test-method> <!-- tearDown -->
        <test-method status="PASS" signature="springTestContextAfterTestMethod(java.lang.reflect.Method)[pri:0, instance:com.jmr.testsuite.fas.action.cs.CSDEVENT_Test@794cb805]" name="springTestContextAfterTestMethod" is-config="true" duration-ms="2" started-at="2019-12-26T12:46:13Z" finished-at="2019-12-26T12:46:13Z">
          <params>
            <param index="0">
              <value>
                <![CDATA[public void com.jmr.testsuite.fas.action.cs.CSDEVENT_Test.executeTestCase() throws com.jmr.testsuite.fas.page.common.UIFormatException,java.lang.Exception]]>
              </value>
            </param>
          </params>
          <reporter-output>
          </reporter-output>
        </test-method> <!-- springTestContextAfterTestMethod -->
        <test-method status="PASS" signature="destroy()[pri:0, instance:com.jmr.testsuite.fas.action.cs.CSDEVENT_Test@794cb805]" name="destroy" is-config="true" duration-ms="0" started-at="2019-12-26T12:46:13Z" finished-at="2019-12-26T12:46:13Z">
          <reporter-output>
          </reporter-output>
        </test-method> <!-- destroy -->
        <test-method status="PASS" signature="springTestContextAfterTestClass()[pri:0, instance:com.jmr.testsuite.fas.action.cs.CSDEVENT_Test@794cb805]" name="springTestContextAfterTestClass" is-config="true" duration-ms="0" started-at="2019-12-26T12:46:13Z" finished-at="2019-12-26T12:46:13Z">
          <reporter-output>
          </reporter-output>
        </test-method> <!-- springTestContextAfterTestClass -->
      </class> <!-- com.jmr.testsuite.fas.action.cs.CSDEVENT_Test -->
    </test> <!-- Default test -->
  </suite> <!-- Default suite -->
</testng-results>
