<?xml version="1.0" encoding="UTF-8"?>
<!-- Generated by org.testng.reporters.JUnitReportReporter -->
<testsuite hostname="jmrinhr1883" name="com.jmr.testsuite.fas.action.wb.OpenTellerBatch_9001Test" tests="1" failures="0" timestamp="30 Aug 2019 08:17:21 GMT" time="7.174" errors="1">
  <testcase name="executeTestCase" time="7.174" classname="com.jmr.testsuite.fas.action.wb.OpenTellerBatch_9001Test">
    <error type="org.openqa.selenium.ElementClickInterceptedException" message="element click intercepted: Element &lt;a href=&quot;#&quot; class=&quot;TBitem&quot; onclick=&quot;doAction(&#039;...&#039;,event)&quot; onkeydown=&quot;fnHandleScrBtn(event)&quot;&gt;Save&lt;/a&gt; is not clickable at point (27, 39). Other element would receive the click: &lt;iframe class=&quot;frames&quot; id=&quot;ifrSubScreen&quot; title=&quot;List of Values Till Id&quot; src=&quot;ExtLovDef.jsp?title=List%20of%20Values%20Till%20Id&amp;amp;SourceCode=FLEXCUBE&amp;amp;containerId=9001&amp;amp;blockId=BLK_TRANSACTION_DETAILS&amp;amp;fldName=TIL_ID&amp;amp;FieldLabel=Till%20Id&amp;amp;lovId=LOV_TOTIL&amp;amp;screentype=WB&amp;amp;lovType=N&amp;amp;isME=true&amp;amp;singleView=false&amp;amp;maximize&amp;amp;txnBranch=294&amp;amp;autoLovResp=&amp;amp;pageCount=&amp;amp;bindFldsStr=294%7CBSPUSER4%7C294&amp;amp;iframeLaunch=true&quot; allowtransparency=&quot;true&quot; frameborder=&quot;0&quot; scrolling=&quot;no&quot; style=&quot;width: 650px; height: 333px;&quot;&gt;&lt;/iframe&gt;
  (Session info: chrome=76.0.3809.100)
Build info: version: &#039;3.11.0&#039;, revision: &#039;e59cfb3&#039;, time: &#039;2018-03-11T20:26:55.152Z&#039;
System info: host: &#039;JMRINHR1883&#039;, ip: &#039;192.168.0.27&#039;, os.name: &#039;Windows 7&#039;, os.arch: &#039;amd64&#039;, os.version: &#039;6.1&#039;, java.version: &#039;1.8.0_144&#039;
Driver info: org.openqa.selenium.chrome.ChromeDriver
Capabilities {acceptInsecureCerts: false, browserName: chrome, browserVersion: 76.0.3809.100, chrome: {chromedriverVersion: 75.0.3770.90 (a6dcaf7e3ec6f..., userDataDir: C:\Users\1883\AppData\Local...}, goog:chromeOptions: {debuggerAddress: localhost:62636}, javascriptEnabled: true, networkConnectionEnabled: false, pageLoadStrategy: normal, platform: XP, platformName: XP, proxy: Proxy(), setWindowRect: true, strictFileInteractability: false, timeouts: {implicit: 0, pageLoad: 300000, script: 30000}, unhandledPromptBehavior: dismiss and notify}
Session ID: 48c862726087b43b17718c05f2bc0653">
      <![CDATA[org.openqa.selenium.ElementClickInterceptedException: element click intercepted: Element <a href="#" class="TBitem" onclick="doAction('...',event)" onkeydown="fnHandleScrBtn(event)">Save</a> is not clickable at point (27, 39). Other element would receive the click: <iframe class="frames" id="ifrSubScreen" title="List of Values Till Id" src="ExtLovDef.jsp?title=List%20of%20Values%20Till%20Id&amp;SourceCode=FLEXCUBE&amp;containerId=9001&amp;blockId=BLK_TRANSACTION_DETAILS&amp;fldName=TIL_ID&amp;FieldLabel=Till%20Id&amp;lovId=LOV_TOTIL&amp;screentype=WB&amp;lovType=N&amp;isME=true&amp;singleView=false&amp;maximize&amp;txnBranch=294&amp;autoLovResp=&amp;pageCount=&amp;bindFldsStr=294%7CBSPUSER4%7C294&amp;iframeLaunch=true" allowtransparency="true" frameborder="0" scrolling="no" style="width: 650px; height: 333px;"></iframe>
  (Session info: chrome=76.0.3809.100)
Build info: version: '3.11.0', revision: 'e59cfb3', time: '2018-03-11T20:26:55.152Z'
System info: host: 'JMRINHR1883', ip: '192.168.0.27', os.name: 'Windows 7', os.arch: 'amd64', os.version: '6.1', java.version: '1.8.0_144'
Driver info: org.openqa.selenium.chrome.ChromeDriver
Capabilities {acceptInsecureCerts: false, browserName: chrome, browserVersion: 76.0.3809.100, chrome: {chromedriverVersion: 75.0.3770.90 (a6dcaf7e3ec6f..., userDataDir: C:\Users\1883\AppData\Local...}, goog:chromeOptions: {debuggerAddress: localhost:62636}, javascriptEnabled: true, networkConnectionEnabled: false, pageLoadStrategy: normal, platform: XP, platformName: XP, proxy: Proxy(), setWindowRect: true, strictFileInteractability: false, timeouts: {implicit: 0, pageLoad: 300000, script: 30000}, unhandledPromptBehavior: dismiss and notify}
Session ID: 48c862726087b43b17718c05f2bc0653
	at sun.reflect.NativeConstructorAccessorImpl.newInstance0(Native Method)
	at sun.reflect.NativeConstructorAccessorImpl.newInstance(Unknown Source)
	at sun.reflect.DelegatingConstructorAccessorImpl.newInstance(Unknown Source)
	at java.lang.reflect.Constructor.newInstance(Unknown Source)
	at org.openqa.selenium.remote.http.W3CHttpResponseCodec.createException(W3CHttpResponseCodec.java:187)
	at org.openqa.selenium.remote.http.W3CHttpResponseCodec.decode(W3CHttpResponseCodec.java:122)
	at org.openqa.selenium.remote.http.W3CHttpResponseCodec.decode(W3CHttpResponseCodec.java:49)
	at org.openqa.selenium.remote.HttpCommandExecutor.execute(HttpCommandExecutor.java:158)
	at org.openqa.selenium.remote.service.DriverCommandExecutor.execute(DriverCommandExecutor.java:83)
	at org.openqa.selenium.remote.RemoteWebDriver.execute(RemoteWebDriver.java:545)
	at org.openqa.selenium.remote.RemoteWebElement.execute(RemoteWebElement.java:279)
	at org.openqa.selenium.remote.RemoteWebElement.click(RemoteWebElement.java:83)
	at com.jmr.testsuite.fas.FlexcubeCommon.clickSave(FlexcubeCommon.java:306)
	at com.jmr.testsuite.fas.action.wb.OpenTellerBatch_9001Test.executeTestCase(OpenTellerBatch_9001Test.java:82)
	at sun.reflect.NativeMethodAccessorImpl.invoke0(Native Method)
	at sun.reflect.NativeMethodAccessorImpl.invoke(Unknown Source)
	at sun.reflect.DelegatingMethodAccessorImpl.invoke(Unknown Source)
	at java.lang.reflect.Method.invoke(Unknown Source)
	at org.testng.internal.MethodInvocationHelper.invokeMethod(MethodInvocationHelper.java:86)
	at org.testng.internal.MethodInvocationHelper$1.runTestMethod(MethodInvocationHelper.java:197)
	at org.springframework.test.context.testng.AbstractTestNGSpringContextTests.run(AbstractTestNGSpringContextTests.java:175)
	at org.testng.internal.MethodInvocationHelper.invokeHookable(MethodInvocationHelper.java:209)
	at org.testng.internal.Invoker.invokeMethod(Invoker.java:639)
	at org.testng.internal.Invoker.invokeTestMethod(Invoker.java:820)
	at org.testng.internal.Invoker.invokeTestMethods(Invoker.java:1128)
	at org.testng.internal.TestMethodWorker.invokeTestMethods(TestMethodWorker.java:129)
	at org.testng.internal.TestMethodWorker.run(TestMethodWorker.java:112)
	at org.testng.TestRunner.privateRun(TestRunner.java:782)
	at org.testng.TestRunner.run(TestRunner.java:632)
	at org.testng.SuiteRunner.runTest(SuiteRunner.java:366)
	at org.testng.SuiteRunner.runSequentially(SuiteRunner.java:361)
	at org.testng.SuiteRunner.privateRun(SuiteRunner.java:319)
	at org.testng.SuiteRunner.run(SuiteRunner.java:268)
	at org.testng.SuiteRunnerWorker.runSuite(SuiteRunnerWorker.java:52)
	at org.testng.SuiteRunnerWorker.run(SuiteRunnerWorker.java:86)
	at org.testng.TestNG.runSuitesSequentially(TestNG.java:1244)
	at org.testng.TestNG.runSuitesLocally(TestNG.java:1169)
	at org.testng.TestNG.run(TestNG.java:1064)
	at org.testng.remote.RemoteTestNG.run(RemoteTestNG.java:113)
	at org.testng.remote.RemoteTestNG.initAndRun(RemoteTestNG.java:206)
	at org.testng.remote.RemoteTestNG.main(RemoteTestNG.java:177)
]]>
    </error>
  </testcase> <!-- executeTestCase -->
</testsuite> <!-- com.jmr.testsuite.fas.action.wb.OpenTellerBatch_9001Test -->
